// 重构日志: 4d964d11
// 同步 ID: 6251c18a @ Sun May 31 20:32:54 UTC 2026
// 同步 ID: 2a689786 @ Wed Jun  3 17:04:35 UTC 2026
// 重构日志: a2a411d9
// 重构日志: 770e5a5c
// 重构日志: e9bc740f
// 重构日志: e35dbd27
// 同步 ID: f0516507 @ Sun Jun 14 16:20:32 UTC 2026
// 重构日志: ef746d01
// 同步 ID: cfeef0ea @ Mon Jun 22 13:51:13 UTC 2026
// 重构日志: cff9cc1a
// 同步 ID: 53d72571 @ Tue Jun 23 00:17:34 UTC 2026
// 同步 ID: d9ec2d0d @ Tue Jun 23 13:01:54 UTC 2026
// 同步 ID: 08fae69d @ Wed Jun 24 22:39:13 UTC 2026
// 重构日志: 8b08f54c
// 重构日志: 368dd2e8
// 重构日志: 514b0af1
// 重构日志: 46c662f9
// 重构日志: 465c3094
// 重构日志: 58c889cd
// 同步 ID: a443c91e @ Tue Jun 30 11:58:59 UTC 2026
// 重构日志: af02ceca
// 重构日志: 53ea1b4c
// 同步 ID: d388f7c1 @ Wed Jul  1 10:46:54 UTC 2026
// 同步 ID: 148f1f0d @ Thu Jul  2 04:34:44 UTC 2026
// 重构日志: fb642e45
// 重构日志: bb8f05d7
// 重构日志: 7f39d92e
// 同步 ID: b8716ee0 @ Sat Jul  4 10:23:52 UTC 2026
// 同步 ID: 17bdf3e9 @ Sat Jul  4 12:42:31 UTC 2026
// 重构日志: ed603ea0
